2013/11/18 17:58:05 [error] [system.db.CDbCommand] Error in preparing SQL: CREATE TABLE 'tbl_project' (
	"id" integer PRIMARY KEY AUTOINCREMENT NOT NULL,
	"name" varchar(255) NOT NULL,
	"description" text NOT NULL,
	"create_time" datetime DEFAULT NULL,
	"create_user_id" int(11) DEFAULT NULL,
	"update_time" datetime DEFAULT NULL,
	"update_user_id" int(11) DEFAULT NULL
) ENGINE=InnoDB
2013/11/18 17:58:05 [error] [system.db.CDbCommand] CDbCommand::execute() failed: CDbCommand failed to prepare the SQL statement: SQLSTATE[HY000]: General error: 1 near "ENGINE": syntax error. The SQL statement executed was: CREATE TABLE 'tbl_project' (
	"id" integer PRIMARY KEY AUTOINCREMENT NOT NULL,
	"name" varchar(255) NOT NULL,
	"description" text NOT NULL,
	"create_time" datetime DEFAULT NULL,
	"create_user_id" int(11) DEFAULT NULL,
	"update_time" datetime DEFAULT NULL,
	"update_user_id" int(11) DEFAULT NULL
) ENGINE=InnoDB.
2013/11/18 17:58:05 [error] [exception.CDbException] exception 'CDbException' with message 'CDbCommand failed to execute the SQL statement: CDbCommand failed to prepare the SQL statement: SQLSTATE[HY000]: General error: 1 near "ENGINE": syntax error. The SQL statement executed was: CREATE TABLE 'tbl_project' (
	"id" integer PRIMARY KEY AUTOINCREMENT NOT NULL,
	"name" varchar(255) NOT NULL,
	"description" text NOT NULL,
	"create_time" datetime DEFAULT NULL,
	"create_user_id" int(11) DEFAULT NULL,
	"update_time" datetime DEFAULT NULL,
	"update_user_id" int(11) DEFAULT NULL
) ENGINE=InnoDB' in /vagrant/exercises/yii/framework/db/CDbCommand.php:358
Stack trace:
#0 /vagrant/exercises/yii/framework/db/CDbCommand.php(1324): CDbCommand->execute()
#1 /vagrant/exercises/yii/framework/db/CDbMigration.php(233): CDbCommand->createTable('tbl_project', Array, 'ENGINE=InnoDB')
#2 /vagrant/exercises/trackstar/protected/migrations/m131118_165538_create_project_table.php(15): CDbMigration->createTable('tbl_project', Array, 'ENGINE=InnoDB')
#3 /vagrant/exercises/yii/framework/cli/commands/MigrateCommand.php(385): m131118_165538_create_project_table->up()
#4 /vagrant/exercises/yii/framework/cli/commands/MigrateCommand.php(109): MigrateCommand->migrateUp('m131118_165538_...')
#5 [internal function]: MigrateCommand->actionUp(Array)
#6 /vagrant/exercises/yii/framework/console/CConsoleCommand.php(172): ReflectionMethod->invokeArgs(Object(MigrateCommand), Array)
#7 /vagrant/exercises/yii/framework/console/CConsoleCommandRunner.php(71): CConsoleCommand->run(Array)
#8 /vagrant/exercises/yii/framework/console/CConsoleApplication.php(92): CConsoleCommandRunner->run(Array)
#9 /vagrant/exercises/yii/framework/base/CApplication.php(180): CConsoleApplication->processRequest()
#10 /vagrant/exercises/yii/framework/yiic.php(33): CApplication->run()
#11 /vagrant/exercises/trackstar/protected/yiic.php(7): require_once('/vagrant/exerci...')
#12 /vagrant/exercises/trackstar/protected/yiic(4): require_once('/vagrant/exerci...')
#13 {main}
---
2013/11/18 17:59:08 [error] [system.db.CDbCommand] Error in preparing SQL: CREATE TABLE 'tbl_project' (
	"id" integer PRIMARY KEY AUTOINCREMENT NOT NULL,
	"name" varchar(255) NOT NULL,
	"description" text NOT NULL,
	"create_time" datetime DEFAULT NULL,
	"create_user_id" int(11) DEFAULT NULL,
	"update_time" datetime DEFAULT NULL,
	"update_user_id" int(11) DEFAULT NULL
) ENGINE=InnoDB
2013/11/18 17:59:08 [error] [system.db.CDbCommand] CDbCommand::execute() failed: CDbCommand failed to prepare the SQL statement: SQLSTATE[HY000]: General error: 1 near "ENGINE": syntax error. The SQL statement executed was: CREATE TABLE 'tbl_project' (
	"id" integer PRIMARY KEY AUTOINCREMENT NOT NULL,
	"name" varchar(255) NOT NULL,
	"description" text NOT NULL,
	"create_time" datetime DEFAULT NULL,
	"create_user_id" int(11) DEFAULT NULL,
	"update_time" datetime DEFAULT NULL,
	"update_user_id" int(11) DEFAULT NULL
) ENGINE=InnoDB.
2013/11/18 17:59:08 [error] [exception.CDbException] exception 'CDbException' with message 'CDbCommand failed to execute the SQL statement: CDbCommand failed to prepare the SQL statement: SQLSTATE[HY000]: General error: 1 near "ENGINE": syntax error. The SQL statement executed was: CREATE TABLE 'tbl_project' (
	"id" integer PRIMARY KEY AUTOINCREMENT NOT NULL,
	"name" varchar(255) NOT NULL,
	"description" text NOT NULL,
	"create_time" datetime DEFAULT NULL,
	"create_user_id" int(11) DEFAULT NULL,
	"update_time" datetime DEFAULT NULL,
	"update_user_id" int(11) DEFAULT NULL
) ENGINE=InnoDB' in /vagrant/exercises/yii/framework/db/CDbCommand.php:358
Stack trace:
#0 /vagrant/exercises/yii/framework/db/CDbCommand.php(1324): CDbCommand->execute()
#1 /vagrant/exercises/yii/framework/db/CDbMigration.php(233): CDbCommand->createTable('tbl_project', Array, 'ENGINE=InnoDB')
#2 /vagrant/exercises/trackstar/protected/migrations/m131118_165538_create_project_table.php(15): CDbMigration->createTable('tbl_project', Array, 'ENGINE=InnoDB')
#3 /vagrant/exercises/yii/framework/cli/commands/MigrateCommand.php(385): m131118_165538_create_project_table->up()
#4 /vagrant/exercises/yii/framework/cli/commands/MigrateCommand.php(109): MigrateCommand->migrateUp('m131118_165538_...')
#5 [internal function]: MigrateCommand->actionUp(Array)
#6 /vagrant/exercises/yii/framework/console/CConsoleCommand.php(172): ReflectionMethod->invokeArgs(Object(MigrateCommand), Array)
#7 /vagrant/exercises/yii/framework/console/CConsoleCommandRunner.php(71): CConsoleCommand->run(Array)
#8 /vagrant/exercises/yii/framework/console/CConsoleApplication.php(92): CConsoleCommandRunner->run(Array)
#9 /vagrant/exercises/yii/framework/base/CApplication.php(180): CConsoleApplication->processRequest()
#10 /vagrant/exercises/yii/framework/yiic.php(33): CApplication->run()
#11 /vagrant/exercises/trackstar/protected/yiic.php(7): require_once('/vagrant/exerci...')
#12 /vagrant/exercises/trackstar/protected/yiic(4): require_once('/vagrant/exerci...')
#13 {main}
---
2013/11/18 18:03:42 [error] [system.db.CDbCommand] Error in preparing SQL: CREATE TABLE 'tbl_project' (
	"id" integer PRIMARY KEY AUTOINCREMENT NOT NULL,
	"name" varchar(255) NOT NULL,
	"description" text NOT NULL,
	"create_time" datetime DEFAULT NULL,
	"create_user_id" int(11) DEFAULT NULL,
	"update_time" datetime DEFAULT NULL,
	"update_user_id" int(11) DEFAULT NULL
) ENGINE=InnoDB
2013/11/18 18:03:42 [error] [system.db.CDbCommand] CDbCommand::execute() failed: CDbCommand failed to prepare the SQL statement: SQLSTATE[HY000]: General error: 1 near "ENGINE": syntax error. The SQL statement executed was: CREATE TABLE 'tbl_project' (
	"id" integer PRIMARY KEY AUTOINCREMENT NOT NULL,
	"name" varchar(255) NOT NULL,
	"description" text NOT NULL,
	"create_time" datetime DEFAULT NULL,
	"create_user_id" int(11) DEFAULT NULL,
	"update_time" datetime DEFAULT NULL,
	"update_user_id" int(11) DEFAULT NULL
) ENGINE=InnoDB.
2013/11/18 18:03:42 [error] [exception.CDbException] exception 'CDbException' with message 'CDbCommand failed to execute the SQL statement: CDbCommand failed to prepare the SQL statement: SQLSTATE[HY000]: General error: 1 near "ENGINE": syntax error. The SQL statement executed was: CREATE TABLE 'tbl_project' (
	"id" integer PRIMARY KEY AUTOINCREMENT NOT NULL,
	"name" varchar(255) NOT NULL,
	"description" text NOT NULL,
	"create_time" datetime DEFAULT NULL,
	"create_user_id" int(11) DEFAULT NULL,
	"update_time" datetime DEFAULT NULL,
	"update_user_id" int(11) DEFAULT NULL
) ENGINE=InnoDB' in /vagrant/exercises/yii/framework/db/CDbCommand.php:358
Stack trace:
#0 /vagrant/exercises/yii/framework/db/CDbCommand.php(1324): CDbCommand->execute()
#1 /vagrant/exercises/yii/framework/db/CDbMigration.php(233): CDbCommand->createTable('tbl_project', Array, 'ENGINE=InnoDB')
#2 /vagrant/exercises/trackstar/protected/migrations/m131118_165538_create_project_table.php(15): CDbMigration->createTable('tbl_project', Array, 'ENGINE=InnoDB')
#3 /vagrant/exercises/yii/framework/cli/commands/MigrateCommand.php(385): m131118_165538_create_project_table->up()
#4 /vagrant/exercises/yii/framework/cli/commands/MigrateCommand.php(109): MigrateCommand->migrateUp('m131118_165538_...')
#5 [internal function]: MigrateCommand->actionUp(Array)
#6 /vagrant/exercises/yii/framework/console/CConsoleCommand.php(172): ReflectionMethod->invokeArgs(Object(MigrateCommand), Array)
#7 /vagrant/exercises/yii/framework/console/CConsoleCommandRunner.php(71): CConsoleCommand->run(Array)
#8 /vagrant/exercises/yii/framework/console/CConsoleApplication.php(92): CConsoleCommandRunner->run(Array)
#9 /vagrant/exercises/yii/framework/base/CApplication.php(180): CConsoleApplication->processRequest()
#10 /vagrant/exercises/yii/framework/yiic.php(33): CApplication->run()
#11 /vagrant/exercises/trackstar/protected/yiic.php(7): require_once('/vagrant/exerci...')
#12 /vagrant/exercises/trackstar/protected/yiic(4): require_once('/vagrant/exerci...')
#13 {main}
---
2013/11/18 18:07:14 [error] [system.db.CDbCommand] CDbCommand::fetchAll() failed: SQLSTATE[42S02]: Base table or view not found: 1146 Table 'testdrive.tbl_migration' doesn't exist. The SQL statement executed was: SHOW FULL COLUMNS FROM `tbl_migration`.
