2013/11/11 15:22:09 [error] [php] copy(/vagrant/exercises/lesson09/assets/100e7194/jquery.ba-bbq.min.js): failed to open stream: Permission denied (/vagrant/exercises/yii/framework/utils/CFileHelper.php:152)
Stack trace:
#0 /vagrant/exercises/yii/framework/web/CAssetManager.php(251): copyDirectory()
#1 /vagrant/exercises/yii/framework/web/CClientScript.php(510): CAssetManager->publish()
#2 /vagrant/exercises/yii/framework/web/CClientScript.php(547): CClientScript->getCoreScriptUrl()
#3 /vagrant/exercises/yii/framework/web/CClientScript.php(348): CClientScript->getPackageBaseUrl()
#4 /vagrant/exercises/yii/framework/web/CClientScript.php(208): CClientScript->renderCoreScripts()
#5 /vagrant/exercises/yii/framework/web/CController.php(351): CClientScript->render()
#6 /vagrant/exercises/yii/framework/web/CController.php(788): SiteController->processOutput()
#7 /vagrant/exercises/lesson09/protected/controllers/SiteController.php(72): SiteController->render()
#8 /vagrant/exercises/yii/framework/web/actions/CInlineAction.php(49): SiteController->actionContact()
#9 /vagrant/exercises/yii/framework/web/CController.php(308): CInlineAction->runWithParams()
#10 /vagrant/exercises/yii/framework/web/CController.php(286): SiteController->runAction()
#11 /vagrant/exercises/yii/framework/web/CController.php(265): SiteController->runActionWithFilters()
#12 /vagrant/exercises/yii/framework/web/CWebApplication.php(282): SiteController->run()
#13 /vagrant/exercises/yii/framework/web/CWebApplication.php(141): CWebApplication->runController()
#14 /vagrant/exercises/yii/framework/base/CApplication.php(180): CWebApplication->processRequest()
#15 /vagrant/exercises/lesson09/index.php(13): CWebApplication->run()
REQUEST_URI=/exercises/lesson09/index.php?r=site/contact
in /vagrant/exercises/lesson09/protected/controllers/SiteController.php (72)
in /vagrant/exercises/lesson09/index.php (13)
